Normalized Reference: Leviticus 20:13
Book: Leviticus, Chapter: 20, Verse/Range: 13
Available Books: __VERSION__, Genesis, Exodus, Leviticus, Numbers, Deuteronomy, Joshua, Judges, Ruth, 1 Samuel, 2 Samuel, 1 Kings, 2 Kings, 1 Chronicles, 2 Chronicles, Ezra, Nehemiah, Esther, Job, Psalms, Proverbs, Ecclesiastes, Song of Solomon, Isaiah, Jeremiah, Lamentations, Ezekiel, Daniel, Hosea, Joel, Amos, Obadiah, Jonah, Micah, Nahum, Habakkuk, Zephaniah, Haggai, Zechariah, Malachi, Matthew, Mark, Luke, John, Acts, Romans, 1 Corinthians, 2 Corinthians, Galatians, Ephesians, Philippians, Colossians, 1 Thessalonians, 2 Thessalonians, 1 Timothy, 2 Timothy, Titus, Philemon, Hebrews, James, 1 Peter, 2 Peter, 1 John, 2 John, 3 John, Jude, Revelation of John
Normalized Reference: Leviticus 20:12
Book: Leviticus, Chapter: 20, Verse/Range: 12
Available Books: __VERSION__, Genesis, Exodus, Leviticus, Numbers, Deuteronomy, Joshua, Judges, Ruth, 1 Samuel, 2 Samuel, 1 Kings, 2 Kings, 1 Chronicles, 2 Chronicles, Ezra, Nehemiah, Esther, Job, Psalms, Proverbs, Ecclesiastes, Song of Solomon, Isaiah, Jeremiah, Lamentations, Ezekiel, Daniel, Hosea, Joel, Amos, Obadiah, Jonah, Micah, Nahum, Habakkuk, Zephaniah, Haggai, Zechariah, Malachi, Matthew, Mark, Luke, John, Acts, Romans, 1 Corinthians, 2 Corinthians, Galatians, Ephesians, Philippians, Colossians, 1 Thessalonians, 2 Thessalonians, 1 Timothy, 2 Timothy, Titus, Philemon, Hebrews, James, 1 Peter, 2 Peter, 1 John, 2 John, 3 John, Jude, Revelation of John
Normalized Reference: Leviticus 20:14
Book: Leviticus, Chapter: 20, Verse/Range: 14
Available Books: __VERSION__, Genesis, Exodus, Leviticus, Numbers, Deuteronomy, Joshua, Judges, Ruth, 1 Samuel, 2 Samuel, 1 Kings, 2 Kings, 1 Chronicles, 2 Chronicles, Ezra, Nehemiah, Esther, Job, Psalms, Proverbs, Ecclesiastes, Song of Solomon, Isaiah, Jeremiah, Lamentations, Ezekiel, Daniel, Hosea, Joel, Amos, Obadiah, Jonah, Micah, Nahum, Habakkuk, Zephaniah, Haggai, Zechariah, Malachi, Matthew, Mark, Luke, John, Acts, Romans, 1 Corinthians, 2 Corinthians, Galatians, Ephesians, Philippians, Colossians, 1 Thessalonians, 2 Thessalonians, 1 Timothy, 2 Timothy, Titus, Philemon, Hebrews, James, 1 Peter, 2 Peter, 1 John, 2 John, 3 John, Jude, Revelation of John
Normalized Reference: 1 Corinthians 6:9
Book: 1 Corinthians, Chapter: 6, Verse/Range: 9
Available Books: __VERSION__, Genesis, Exodus, Leviticus, Numbers, Deuteronomy, Joshua, Judges, Ruth, 1 Samuel, 2 Samuel, 1 Kings, 2 Kings, 1 Chronicles, 2 Chronicles, Ezra, Nehemiah, Esther, Job, Psalms, Proverbs, Ecclesiastes, Song of Solomon, Isaiah, Jeremiah, Lamentations, Ezekiel, Daniel, Hosea, Joel, Amos, Obadiah, Jonah, Micah, Nahum, Habakkuk, Zephaniah, Haggai, Zechariah, Malachi, Matthew, Mark, Luke, John, Acts, Romans, 1 Corinthians, 2 Corinthians, Galatians, Ephesians, Philippians, Colossians, 1 Thessalonians, 2 Thessalonians, 1 Timothy, 2 Timothy, Titus, Philemon, Hebrews, James, 1 Peter, 2 Peter, 1 John, 2 John, 3 John, Jude, Revelation of John
Normalized Reference: 1 Corinthians 6:10
Book: 1 Corinthians, Chapter: 6, Verse/Range: 10
Normalized Reference: 1 Corinthians 6:8
Available Books: __VERSION__, Genesis, Exodus, Leviticus, Numbers, Deuteronomy, Joshua, Judges, Ruth, 1 Samuel, 2 Samuel, 1 Kings, 2 Kings, 1 Chronicles, 2 Chronicles, Ezra, Nehemiah, Esther, Job, Psalms, Proverbs, Ecclesiastes, Song of Solomon, Isaiah, Jeremiah, Lamentations, Ezekiel, Daniel, Hosea, Joel, Amos, Obadiah, Jonah, Micah, Nahum, Habakkuk, Zephaniah, Haggai, Zechariah, Malachi, Matthew, Mark, Luke, John, Acts, Romans, 1 Corinthians, 2 Corinthians, Galatians, Ephesians, Philippians, Colossians, 1 Thessalonians, 2 Thessalonians, 1 Timothy, 2 Timothy, Titus, Philemon, Hebrews, James, 1 Peter, 2 Peter, 1 John, 2 John, 3 John, Jude, Revelation of John
Book: 1 Corinthians, Chapter: 6, Verse/Range: 8
Available Books: __VERSION__, Genesis, Exodus, Leviticus, Numbers, Deuteronomy, Joshua, Judges, Ruth, 1 Samuel, 2 Samuel, 1 Kings, 2 Kings, 1 Chronicles, 2 Chronicles, Ezra, Nehemiah, Esther, Job, Psalms, Proverbs, Ecclesiastes, Song of Solomon, Isaiah, Jeremiah, Lamentations, Ezekiel, Daniel, Hosea, Joel, Amos, Obadiah, Jonah, Micah, Nahum, Habakkuk, Zephaniah, Haggai, Zechariah, Malachi, Matthew, Mark, Luke, John, Acts, Romans, 1 Corinthians, 2 Corinthians, Galatians, Ephesians, Philippians, Colossians, 1 Thessalonians, 2 Thessalonians, 1 Timothy, 2 Timothy, Titus, Philemon, Hebrews, James, 1 Peter, 2 Peter, 1 John, 2 John, 3 John, Jude, Revelation of John
Normalized Reference: 1 Timothy 1:10
Book: 1 Timothy, Chapter: 1, Verse/Range: 10
Available Books: __VERSION__, Genesis, Exodus, Leviticus, Numbers, Deuteronomy, Joshua, Judges, Ruth, 1 Samuel, 2 Samuel, 1 Kings, 2 Kings, 1 Chronicles, 2 Chronicles, Ezra, Nehemiah, Esther, Job, Psalms, Proverbs, Ecclesiastes, Song of Solomon, Isaiah, Jeremiah, Lamentations, Ezekiel, Daniel, Hosea, Joel, Amos, Obadiah, Jonah, Micah, Nahum, Habakkuk, Zephaniah, Haggai, Zechariah, Malachi, Matthew, Mark, Luke, John, Acts, Romans, 1 Corinthians, 2 Corinthians, Galatians, Ephesians, Philippians, Colossians, 1 Thessalonians, 2 Thessalonians, 1 Timothy, 2 Timothy, Titus, Philemon, Hebrews, James, 1 Peter, 2 Peter, 1 John, 2 John, 3 John, Jude, Revelation of John
Normalized Reference: 1 Timothy 1:9
Book: 1 Timothy, Chapter: 1, Verse/Range: 9
Available Books: __VERSION__, Genesis, Exodus, Leviticus, Numbers, Deuteronomy, Joshua, Judges, Ruth, 1 Samuel, 2 Samuel, 1 Kings, 2 Kings, 1 Chronicles, 2 Chronicles, Ezra, Nehemiah, Esther, Job, Psalms, Proverbs, Ecclesiastes, Song of Solomon, Isaiah, Jeremiah, Lamentations, Ezekiel, Daniel, Hosea, Joel, Amos, Obadiah, Jonah, Micah, Nahum, Habakkuk, Zephaniah, Haggai, Zechariah, Malachi, Matthew, Mark, Luke, John, Acts, Romans, 1 Corinthians, 2 Corinthians, Galatians, Ephesians, Philippians, Colossians, 1 Thessalonians, 2 Thessalonians, 1 Timothy, 2 Timothy, Titus, Philemon, Hebrews, James, 1 Peter, 2 Peter, 1 John, 2 John, 3 John, Jude, Revelation of John
Normalized Reference: 1 Timothy 1:11
Book: 1 Timothy, Chapter: 1, Verse/Range: 11
Available Books: __VERSION__, Genesis, Exodus, Leviticus, Numbers, Deuteronomy, Joshua, Judges, Ruth, 1 Samuel, 2 Samuel, 1 Kings, 2 Kings, 1 Chronicles, 2 Chronicles, Ezra, Nehemiah, Esther, Job, Psalms, Proverbs, Ecclesiastes, Song of Solomon, Isaiah, Jeremiah, Lamentations, Ezekiel, Daniel, Hosea, Joel, Amos, Obadiah, Jonah, Micah, Nahum, Habakkuk, Zephaniah, Haggai, Zechariah, Malachi, Matthew, Mark, Luke, John, Acts, Romans, 1 Corinthians, 2 Corinthians, Galatians, Ephesians, Philippians, Colossians, 1 Thessalonians, 2 Thessalonians, 1 Timothy, 2 Timothy, Titus, Philemon, Hebrews, James, 1 Peter, 2 Peter, 1 John, 2 John, 3 John, Jude, Revelation of John
Normalized Reference: Romans 6:1-2
Book: Romans, Chapter: 6, Verse/Range: 1-2
Available Books: __VERSION__, Genesis, Exodus, Leviticus, Numbers, Deuteronomy, Joshua, Judges, Ruth, 1 Samuel, 2 Samuel, 1 Kings, 2 Kings, 1 Chronicles, 2 Chronicles, Ezra, Nehemiah, Esther, Job, Psalms, Proverbs, Ecclesiastes, Song of Solomon, Isaiah, Jeremiah, Lamentations, Ezekiel, Daniel, Hosea, Joel, Amos, Obadiah, Jonah, Micah, Nahum, Habakkuk, Zephaniah, Haggai, Zechariah, Malachi, Matthew, Mark, Luke, John, Acts, Romans, 1 Corinthians, 2 Corinthians, Galatians, Ephesians, Philippians, Colossians, 1 Thessalonians, 2 Thessalonians, 1 Timothy, 2 Timothy, Titus, Philemon, Hebrews, James, 1 Peter, 2 Peter, 1 John, 2 John, 3 John, Jude, Revelation of John
Normalized Reference: Romans 6:3
Book: Romans, Chapter: 6, Verse/Range: 3
Available Books: __VERSION__, Genesis, Exodus, Leviticus, Numbers, Deuteronomy, Joshua, Judges, Ruth, 1 Samuel, 2 Samuel, 1 Kings, 2 Kings, 1 Chronicles, 2 Chronicles, Ezra, Nehemiah, Esther, Job, Psalms, Proverbs, Ecclesiastes, Song of Solomon, Isaiah, Jeremiah, Lamentations, Ezekiel, Daniel, Hosea, Joel, Amos, Obadiah, Jonah, Micah, Nahum, Habakkuk, Zephaniah, Haggai, Zechariah, Malachi, Matthew, Mark, Luke, John, Acts, Romans, 1 Corinthians, 2 Corinthians, Galatians, Ephesians, Philippians, Colossians, 1 Thessalonians, 2 Thessalonians, 1 Timothy, 2 Timothy, Titus, Philemon, Hebrews, James, 1 Peter, 2 Peter, 1 John, 2 John, 3 John, Jude, Revelation of John
Normalized Reference: 1 Timothy 1:10
Book: 1 Timothy, Chapter: 1, Verse/Range: 10
Available Books: __VERSION__, Genesis, Exodus, Leviticus, Numbers, Deuteronomy, Joshua, Judges, Ruth, 1 Samuel, 2 Samuel, 1 Kings, 2 Kings, 1 Chronicles, 2 Chronicles, Ezra, Nehemiah, Esther, Job, Psalms, Proverbs, Ecclesiastes, Song of Solomon, Isaiah, Jeremiah, Lamentations, Ezekiel, Daniel, Hosea, Joel, Amos, Obadiah, Jonah, Micah, Nahum, Habakkuk, Zephaniah, Haggai, Zechariah, Malachi, Matthew, Mark, Luke, John, Acts, Romans, 1 Corinthians, 2 Corinthians, Galatians, Ephesians, Philippians, Colossians, 1 Thessalonians, 2 Thessalonians, 1 Timothy, 2 Timothy, Titus, Philemon, Hebrews, James, 1 Peter, 2 Peter, 1 John, 2 John, 3 John, Jude, Revelation of John
Normalized Reference: 1 Timothy 1:9
Book: 1 Timothy, Chapter: 1, Verse/Range: 9
Available Books: __VERSION__, Genesis, Exodus, Leviticus, Numbers, Deuteronomy, Joshua, Judges, Ruth, 1 Samuel, 2 Samuel, 1 Kings, 2 Kings, 1 Chronicles, 2 Chronicles, Ezra, Nehemiah, Esther, Job, Psalms, Proverbs, Ecclesiastes, Song of Solomon, Isaiah, Jeremiah, Lamentations, Ezekiel, Daniel, Hosea, Joel, Amos, Obadiah, Jonah, Micah, Nahum, Habakkuk, Zephaniah, Haggai, Zechariah, Malachi, Matthew, Mark, Luke, John, Acts, Romans, 1 Corinthians, 2 Corinthians, Galatians, Ephesians, Philippians, Colossians, 1 Thessalonians, 2 Thessalonians, 1 Timothy, 2 Timothy, Titus, Philemon, Hebrews, James, 1 Peter, 2 Peter, 1 John, 2 John, 3 John, Jude, Revelation of John
Normalized Reference: 1 Timothy 1:11
Book: 1 Timothy, Chapter: 1, Verse/Range: 11
Available Books: __VERSION__, Genesis, Exodus, Leviticus, Numbers, Deuteronomy, Joshua, Judges, Ruth, 1 Samuel, 2 Samuel, 1 Kings, 2 Kings, 1 Chronicles, 2 Chronicles, Ezra, Nehemiah, Esther, Job, Psalms, Proverbs, Ecclesiastes, Song of Solomon, Isaiah, Jeremiah, Lamentations, Ezekiel, Daniel, Hosea, Joel, Amos, Obadiah, Jonah, Micah, Nahum, Habakkuk, Zephaniah, Haggai, Zechariah, Malachi, Matthew, Mark, Luke, John, Acts, Romans, 1 Corinthians, 2 Corinthians, Galatians, Ephesians, Philippians, Colossians, 1 Thessalonians, 2 Thessalonians, 1 Timothy, 2 Timothy, Titus, Philemon, Hebrews, James, 1 Peter, 2 Peter, 1 John, 2 John, 3 John, Jude, Revelation of John
Normalized Reference: John 6:44
Book: John, Chapter: 6, Verse/Range: 44
Available Books: __VERSION__, Genesis, Exodus, Leviticus, Numbers, Deuteronomy, Joshua, Judges, Ruth, 1 Samuel, 2 Samuel, 1 Kings, 2 Kings, 1 Chronicles, 2 Chronicles, Ezra, Nehemiah, Esther, Job, Psalms, Proverbs, Ecclesiastes, Song of Solomon, Isaiah, Jeremiah, Lamentations, Ezekiel, Daniel, Hosea, Joel, Amos, Obadiah, Jonah, Micah, Nahum, Habakkuk, Zephaniah, Haggai, Zechariah, Malachi, Matthew, Mark, Luke, John, Acts, Romans, 1 Corinthians, 2 Corinthians, Galatians, Ephesians, Philippians, Colossians, 1 Thessalonians, 2 Thessalonians, 1 Timothy, 2 Timothy, Titus, Philemon, Hebrews, James, 1 Peter, 2 Peter, 1 John, 2 John, 3 John, Jude, Revelation of John
Normalized Reference: John 6:45
Book: John, Chapter: 6, Verse/Range: 45
Available Books: __VERSION__, Genesis, Exodus, Leviticus, Numbers, Deuteronomy, Joshua, Judges, Ruth, 1 Samuel, 2 Samuel, 1 Kings, 2 Kings, 1 Chronicles, 2 Chronicles, Ezra, Nehemiah, Esther, Job, Psalms, Proverbs, Ecclesiastes, Song of Solomon, Isaiah, Jeremiah, Lamentations, Ezekiel, Daniel, Hosea, Joel, Amos, Obadiah, Jonah, Micah, Nahum, Habakkuk, Zephaniah, Haggai, Zechariah, Malachi, Matthew, Mark, Luke, John, Acts, Romans, 1 Corinthians, 2 Corinthians, Galatians, Ephesians, Philippians, Colossians, 1 Thessalonians, 2 Thessalonians, 1 Timothy, 2 Timothy, Titus, Philemon, Hebrews, James, 1 Peter, 2 Peter, 1 John, 2 John, 3 John, Jude, Revelation of John
Normalized Reference: John 6:43
Book: John, Chapter: 6, Verse/Range: 43
Available Books: __VERSION__, Genesis, Exodus, Leviticus, Numbers, Deuteronomy, Joshua, Judges, Ruth, 1 Samuel, 2 Samuel, 1 Kings, 2 Kings, 1 Chronicles, 2 Chronicles, Ezra, Nehemiah, Esther, Job, Psalms, Proverbs, Ecclesiastes, Song of Solomon, Isaiah, Jeremiah, Lamentations, Ezekiel, Daniel, Hosea, Joel, Amos, Obadiah, Jonah, Micah, Nahum, Habakkuk, Zephaniah, Haggai, Zechariah, Malachi, Matthew, Mark, Luke, John, Acts, Romans, 1 Corinthians, 2 Corinthians, Galatians, Ephesians, Philippians, Colossians, 1 Thessalonians, 2 Thessalonians, 1 Timothy, 2 Timothy, Titus, Philemon, Hebrews, James, 1 Peter, 2 Peter, 1 John, 2 John, 3 John, Jude, Revelation of John
Normalized Reference: Leviticus 20:13
Book: Leviticus, Chapter: 20, Verse/Range: 13
Available Books: __VERSION__, Genesis, Exodus, Leviticus, Numbers, Deuteronomy, Joshua, Judges, Ruth, 1 Samuel, 2 Samuel, 1 Kings, 2 Kings, 1 Chronicles, 2 Chronicles, Ezra, Nehemiah, Esther, Job, Psalms, Proverbs, Ecclesiastes, Song of Solomon, Isaiah, Jeremiah, Lamentations, Ezekiel, Daniel, Hosea, Joel, Amos, Obadiah, Jonah, Micah, Nahum, Habakkuk, Zephaniah, Haggai, Zechariah, Malachi, Matthew, Mark, Luke, John, Acts, Romans, 1 Corinthians, 2 Corinthians, Galatians, Ephesians, Philippians, Colossians, 1 Thessalonians, 2 Thessalonians, 1 Timothy, 2 Timothy, Titus, Philemon, Hebrews, James, 1 Peter, 2 Peter, 1 John, 2 John, 3 John, Jude, Revelation of John
Normalized Reference: Leviticus 20:12
Book: Leviticus, Chapter: 20, Verse/Range: 12
Available Books: __VERSION__, Genesis, Exodus, Leviticus, Numbers, Deuteronomy, Joshua, Judges, Ruth, 1 Samuel, 2 Samuel, 1 Kings, 2 Kings, 1 Chronicles, 2 Chronicles, Ezra, Nehemiah, Esther, Job, Psalms, Proverbs, Ecclesiastes, Song of Solomon, Isaiah, Jeremiah, Lamentations, Ezekiel, Daniel, Hosea, Joel, Amos, Obadiah, Jonah, Micah, Nahum, Habakkuk, Zephaniah, Haggai, Zechariah, Malachi, Matthew, Mark, Luke, John, Acts, Romans, 1 Corinthians, 2 Corinthians, Galatians, Ephesians, Philippians, Colossians, 1 Thessalonians, 2 Thessalonians, 1 Timothy, 2 Timothy, Titus, Philemon, Hebrews, James, 1 Peter, 2 Peter, 1 John, 2 John, 3 John, Jude, Revelation of John
Normalized Reference: Leviticus 20:14
Book: Leviticus, Chapter: 20, Verse/Range: 14
Available Books: __VERSION__, Genesis, Exodus, Leviticus, Numbers, Deuteronomy, Joshua, Judges, Ruth, 1 Samuel, 2 Samuel, 1 Kings, 2 Kings, 1 Chronicles, 2 Chronicles, Ezra, Nehemiah, Esther, Job, Psalms, Proverbs, Ecclesiastes, Song of Solomon, Isaiah, Jeremiah, Lamentations, Ezekiel, Daniel, Hosea, Joel, Amos, Obadiah, Jonah, Micah, Nahum, Habakkuk, Zephaniah, Haggai, Zechariah, Malachi, Matthew, Mark, Luke, John, Acts, Romans, 1 Corinthians, 2 Corinthians, Galatians, Ephesians, Philippians, Colossians, 1 Thessalonians, 2 Thessalonians, 1 Timothy, 2 Timothy, Titus, Philemon, Hebrews, James, 1 Peter, 2 Peter, 1 John, 2 John, 3 John, Jude, Revelation of John
Normalized Reference: 1 Timothy 1:10
Book: 1 Timothy, Chapter: 1, Verse/Range: 10
Available Books: __VERSION__, Genesis, Exodus, Leviticus, Numbers, Deuteronomy, Joshua, Judges, Ruth, 1 Samuel, 2 Samuel, 1 Kings, 2 Kings, 1 Chronicles, 2 Chronicles, Ezra, Nehemiah, Esther, Job, Psalms, Proverbs, Ecclesiastes, Song of Solomon, Isaiah, Jeremiah, Lamentations, Ezekiel, Daniel, Hosea, Joel, Amos, Obadiah, Jonah, Micah, Nahum, Habakkuk, Zephaniah, Haggai, Zechariah, Malachi, Matthew, Mark, Luke, John, Acts, Romans, 1 Corinthians, 2 Corinthians, Galatians, Ephesians, Philippians, Colossians, 1 Thessalonians, 2 Thessalonians, 1 Timothy, 2 Timothy, Titus, Philemon, Hebrews, James, 1 Peter, 2 Peter, 1 John, 2 John, 3 John, Jude, Revelation of John
Normalized Reference: 1 Timothy 1:9
Book: 1 Timothy, Chapter: 1, Verse/Range: 9
Available Books: __VERSION__, Genesis, Exodus, Leviticus, Numbers, Deuteronomy, Joshua, Judges, Ruth, 1 Samuel, 2 Samuel, 1 Kings, 2 Kings, 1 Chronicles, 2 Chronicles, Ezra, Nehemiah, Esther, Job, Psalms, Proverbs, Ecclesiastes, Song of Solomon, Isaiah, Jeremiah, Lamentations, Ezekiel, Daniel, Hosea, Joel, Amos, Obadiah, Jonah, Micah, Nahum, Habakkuk, Zephaniah, Haggai, Zechariah, Malachi, Matthew, Mark, Luke, John, Acts, Romans, 1 Corinthians, 2 Corinthians, Galatians, Ephesians, Philippians, Colossians, 1 Thessalonians, 2 Thessalonians, 1 Timothy, 2 Timothy, Titus, Philemon, Hebrews, James, 1 Peter, 2 Peter, 1 John, 2 John, 3 John, Jude, Revelation of John
Normalized Reference: 1 Timothy 1:11
Book: 1 Timothy, Chapter: 1, Verse/Range: 11
Available Books: __VERSION__, Genesis, Exodus, Leviticus, Numbers, Deuteronomy, Joshua, Judges, Ruth, 1 Samuel, 2 Samuel, 1 Kings, 2 Kings, 1 Chronicles, 2 Chronicles, Ezra, Nehemiah, Esther, Job, Psalms, Proverbs, Ecclesiastes, Song of Solomon, Isaiah, Jeremiah, Lamentations, Ezekiel, Daniel, Hosea, Joel, Amos, Obadiah, Jonah, Micah, Nahum, Habakkuk, Zephaniah, Haggai, Zechariah, Malachi, Matthew, Mark, Luke, John, Acts, Romans, 1 Corinthians, 2 Corinthians, Galatians, Ephesians, Philippians, Colossians, 1 Thessalonians, 2 Thessalonians, 1 Timothy, 2 Timothy, Titus, Philemon, Hebrews, James, 1 Peter, 2 Peter, 1 John, 2 John, 3 John, Jude, Revelation of John
Normalized Reference: 1 Corinthians 6:9
Book: 1 Corinthians, Chapter: 6, Verse/Range: 9
Available Books: __VERSION__, Genesis, Exodus, Leviticus, Numbers, Deuteronomy, Joshua, Judges, Ruth, 1 Samuel, 2 Samuel, 1 Kings, 2 Kings, 1 Chronicles, 2 Chronicles, Ezra, Nehemiah, Esther, Job, Psalms, Proverbs, Ecclesiastes, Song of Solomon, Isaiah, Jeremiah, Lamentations, Ezekiel, Daniel, Hosea, Joel, Amos, Obadiah, Jonah, Micah, Nahum, Habakkuk, Zephaniah, Haggai, Zechariah, Malachi, Matthew, Mark, Luke, John, Acts, Romans, 1 Corinthians, 2 Corinthians, Galatians, Ephesians, Philippians, Colossians, 1 Thessalonians, 2 Thessalonians, 1 Timothy, 2 Timothy, Titus, Philemon, Hebrews, James, 1 Peter, 2 Peter, 1 John, 2 John, 3 John, Jude, Revelation of John
Normalized Reference: 1 Corinthians 6:8

Book: 1 Corinthians, Chapter: 6, Verse/Range: 8
Book: 1 Corinthians, Chapter: 6, Verse/Range: 10
Available Books: __VERSION__, Genesis, Exodus, Leviticus, Numbers, Deuteronomy, Joshua, Judges, Ruth, 1 Samuel, 2 Samuel, 1 Kings, 2 Kings, 1 Chronicles, 2 Chronicles, Ezra, Nehemiah, Esther, Job, Psalms, Proverbs, Ecclesiastes, Song of Solomon, Isaiah, Jeremiah, Lamentations, Ezekiel, Daniel, Hosea, Joel, Amos, Obadiah, Jonah, Micah, Nahum, Habakkuk, Zephaniah, Haggai, Zechariah, Malachi, Matthew, Mark, Luke, John, Acts, Romans, 1 Corinthians, 2 Corinthians, Galatians, Ephesians, Philippians, Colossians, 1 Thessalonians, 2 Thessalonians, 1 Timothy, 2 Timothy, Titus, Philemon, Hebrews, James, 1 Peter, 2 Peter, 1 John, 2 John, 3 John, Jude, Revelation of John
Available Books: __VERSION__, Genesis, Exodus, Leviticus, Numbers, Deuteronomy, Joshua, Judges, Ruth, 1 Samuel, 2 Samuel, 1 Kings, 2 Kings, 1 Chronicles, 2 Chronicles, Ezra, Nehemiah, Esther, Job, Psalms, Proverbs, Ecclesiastes, Song of Solomon, Isaiah, Jeremiah, Lamentations, Ezekiel, Daniel, Hosea, Joel, Amos, Obadiah, Jonah, Micah, Nahum, Habakkuk, Zephaniah, Haggai, Zechariah, Malachi, Matthew, Mark, Luke, John, Acts, Romans, 1 Corinthians, 2 Corinthians, Galatians, Ephesians, Philippians, Colossians, 1 Thessalonians, 2 Thessalonians, 1 Timothy, 2 Timothy, Titus, Philemon, Hebrews, James, 1 Peter, 2 Peter, 1 John, 2 John, 3 John, Jude, Revelation of John
Normalized Reference: 1 Timothy 1:10
Book: 1 Timothy, Chapter: 1, Verse/Range: 10
Available Books: __VERSION__, Genesis, Exodus, Leviticus, Numbers, Deuteronomy, Joshua, Judges, Ruth, 1 Samuel, 2 Samuel, 1 Kings, 2 Kings, 1 Chronicles, 2 Chronicles, Ezra, Nehemiah, Esther, Job, Psalms, Proverbs, Ecclesiastes, Song of Solomon, Isaiah, Jeremiah, Lamentations, Ezekiel, Daniel, Hosea, Joel, Amos, Obadiah, Jonah, Micah, Nahum, Habakkuk, Zephaniah, Haggai, Zechariah, Malachi, Matthew, Mark, Luke, John, Acts, Romans, 1 Corinthians, 2 Corinthians, Galatians, Ephesians, Philippians, Colossians, 1 Thessalonians, 2 Thessalonians, 1 Timothy, 2 Timothy, Titus, Philemon, Hebrews, James, 1 Peter, 2 Peter, 1 John, 2 John, 3 John, Jude, Revelation of John
Normalized Reference: 1 Timothy 1:9
Book: 1 Timothy, Chapter: 1, Verse/Range: 9
Available Books: __VERSION__, Genesis, Exodus, Leviticus, Numbers, Deuteronomy, Joshua, Judges, Ruth, 1 Samuel, 2 Samuel, 1 Kings, 2 Kings, 1 Chronicles, 2 Chronicles, Ezra, Nehemiah, Esther, Job, Psalms, Proverbs, Ecclesiastes, Song of Solomon, Isaiah, Jeremiah, Lamentations, Ezekiel, Daniel, Hosea, Joel, Amos, Obadiah, Jonah, Micah, Nahum, Habakkuk, Zephaniah, Haggai, Zechariah, Malachi, Matthew, Mark, Luke, John, Acts, Romans, 1 Corinthians, 2 Corinthians, Galatians, Ephesians, Philippians, Colossians, 1 Thessalonians, 2 Thessalonians, 1 Timothy, 2 Timothy, Titus, Philemon, Hebrews, James, 1 Peter, 2 Peter, 1 John, 2 John, 3 John, Jude, Revelation of John
Normalized Reference: 1 Timothy 1:11
Book: 1 Timothy, Chapter: 1, Verse/Range: 11
Available Books: __VERSION__, Genesis, Exodus, Leviticus, Numbers, Deuteronomy, Joshua, Judges, Ruth, 1 Samuel, 2 Samuel, 1 Kings, 2 Kings, 1 Chronicles, 2 Chronicles, Ezra, Nehemiah, Esther, Job, Psalms, Proverbs, Ecclesiastes, Song of Solomon, Isaiah, Jeremiah, Lamentations, Ezekiel, Daniel, Hosea, Joel, Amos, Obadiah, Jonah, Micah, Nahum, Habakkuk, Zephaniah, Haggai, Zechariah, Malachi, Matthew, Mark, Luke, John, Acts, Romans, 1 Corinthians, 2 Corinthians, Galatians, Ephesians, Philippians, Colossians, 1 Thessalonians, 2 Thessalonians, 1 Timothy, 2 Timothy, Titus, Philemon, Hebrews, James, 1 Peter, 2 Peter, 1 John, 2 John, 3 John, Jude, Revelation of John
Normalized Reference: Leviticus 20:13
Book: Leviticus, Chapter: 20, Verse/Range: 13
Available Books: __VERSION__, Genesis, Exodus, Leviticus, Numbers, Deuteronomy, Joshua, Judges, Ruth, 1 Samuel, 2 Samuel, 1 Kings, 2 Kings, 1 Chronicles, 2 Chronicles, Ezra, Nehemiah, Esther, Job, Psalms, Proverbs, Ecclesiastes, Song of Solomon, Isaiah, Jeremiah, Lamentations, Ezekiel, Daniel, Hosea, Joel, Amos, Obadiah, Jonah, Micah, Nahum, Habakkuk, Zephaniah, Haggai, Zechariah, Malachi, Matthew, Mark, Luke, John, Acts, Romans, 1 Corinthians, 2 Corinthians, Galatians, Ephesians, Philippians, Colossians, 1 Thessalonians, 2 Thessalonians, 1 Timothy, 2 Timothy, Titus, Philemon, Hebrews, James, 1 Peter, 2 Peter, 1 John, 2 John, 3 John, Jude, Revelation of John
Normalized Reference: Leviticus 20:12
Book: Leviticus, Chapter: 20, Verse/Range: 12
Available Books: __VERSION__, Genesis, Exodus, Leviticus, Numbers, Deuteronomy, Joshua, Judges, Ruth, 1 Samuel, 2 Samuel, 1 Kings, 2 Kings, 1 Chronicles, 2 Chronicles, Ezra, Nehemiah, Esther, Job, Psalms, Proverbs, Ecclesiastes, Song of Solomon, Isaiah, Jeremiah, Lamentations, Ezekiel, Daniel, Hosea, Joel, Amos, Obadiah, Jonah, Micah, Nahum, Habakkuk, Zephaniah, Haggai, Zechariah, Malachi, Matthew, Mark, Luke, John, Acts, Romans, 1 Corinthians, 2 Corinthians, Galatians, Ephesians, Philippians, Colossians, 1 Thessalonians, 2 Thessalonians, 1 Timothy, 2 Timothy, Titus, Philemon, Hebrews, James, 1 Peter, 2 Peter, 1 John, 2 John, 3 John, Jude, Revelation of John
Normalized Reference: Leviticus 20:14
Book: Leviticus, Chapter: 20, Verse/Range: 14
Available Books: __VERSION__, Genesis, Exodus, Leviticus, Numbers, Deuteronomy, Joshua, Judges, Ruth, 1 Samuel, 2 Samuel, 1 Kings, 2 Kings, 1 Chronicles, 2 Chronicles, Ezra, Nehemiah, Esther, Job, Psalms, Proverbs, Ecclesiastes, Song of Solomon, Isaiah, Jeremiah, Lamentations, Ezekiel, Daniel, Hosea, Joel, Amos, Obadiah, Jonah, Micah, Nahum, Habakkuk, Zephaniah, Haggai, Zechariah, Malachi, Matthew, Mark, Luke, John, Acts, Romans, 1 Corinthians, 2 Corinthians, Galatians, Ephesians, Philippians, Colossians, 1 Thessalonians, 2 Thessalonians, 1 Timothy, 2 Timothy, Titus, Philemon, Hebrews, James, 1 Peter, 2 Peter, 1 John, 2 John, 3 John, Jude, Revelation of John
Normalized Reference: Leviticus 20:13
Book: Leviticus, Chapter: 20, Verse/Range: 13
Available Books: __VERSION__, Genesis, Exodus, Leviticus, Numbers, Deuteronomy, Joshua, Judges, Ruth, 1 Samuel, 2 Samuel, 1 Kings, 2 Kings, 1 Chronicles, 2 Chronicles, Ezra, Nehemiah, Esther, Job, Psalms, Proverbs, Ecclesiastes, Song of Solomon, Isaiah, Jeremiah, Lamentations, Ezekiel, Daniel, Hosea, Joel, Amos, Obadiah, Jonah, Micah, Nahum, Habakkuk, Zephaniah, Haggai, Zechariah, Malachi, Matthew, Mark, Luke, John, Acts, Romans, 1 Corinthians, 2 Corinthians, Galatians, Ephesians, Philippians, Colossians, 1 Thessalonians, 2 Thessalonians, 1 Timothy, 2 Timothy, Titus, Philemon, Hebrews, James, 1 Peter, 2 Peter, 1 John, 2 John, 3 John, Jude, Revelation of John
Normalized Reference: Leviticus 20:12
Book: Leviticus, Chapter: 20, Verse/Range: 12
Available Books: __VERSION__, Genesis, Exodus, Leviticus, Numbers, Deuteronomy, Joshua, Judges, Ruth, 1 Samuel, 2 Samuel, 1 Kings, 2 Kings, 1 Chronicles, 2 Chronicles, Ezra, Nehemiah, Esther, Job, Psalms, Proverbs, Ecclesiastes, Song of Solomon, Isaiah, Jeremiah, Lamentations, Ezekiel, Daniel, Hosea, Joel, Amos, Obadiah, Jonah, Micah, Nahum, Habakkuk, Zephaniah, Haggai, Zechariah, Malachi, Matthew, Mark, Luke, John, Acts, Romans, 1 Corinthians, 2 Corinthians, Galatians, Ephesians, Philippians, Colossians, 1 Thessalonians, 2 Thessalonians, 1 Timothy, 2 Timothy, Titus, Philemon, Hebrews, James, 1 Peter, 2 Peter, 1 John, 2 John, 3 John, Jude, Revelation of John
Normalized Reference: Leviticus 20:14
Book: Leviticus, Chapter: 20, Verse/Range: 14
Available Books: __VERSION__, Genesis, Exodus, Leviticus, Numbers, Deuteronomy, Joshua, Judges, Ruth, 1 Samuel, 2 Samuel, 1 Kings, 2 Kings, 1 Chronicles, 2 Chronicles, Ezra, Nehemiah, Esther, Job, Psalms, Proverbs, Ecclesiastes, Song of Solomon, Isaiah, Jeremiah, Lamentations, Ezekiel, Daniel, Hosea, Joel, Amos, Obadiah, Jonah, Micah, Nahum, Habakkuk, Zephaniah, Haggai, Zechariah, Malachi, Matthew, Mark, Luke, John, Acts, Romans, 1 Corinthians, 2 Corinthians, Galatians, Ephesians, Philippians, Colossians, 1 Thessalonians, 2 Thessalonians, 1 Timothy, 2 Timothy, Titus, Philemon, Hebrews, James, 1 Peter, 2 Peter, 1 John, 2 John, 3 John, Jude, Revelation of John
Normalized Reference: Leviticus 20:13
Book: Leviticus, Chapter: 20, Verse/Range: 13
Normalized Reference: Romans 6:1-2
Book: Romans, Chapter: 6, Verse/Range: 1-2
Available Books: __VERSION__, Genesis, Exodus, Leviticus, Numbers, Deuteronomy, Joshua, Judges, Ruth, 1 Samuel, 2 Samuel, 1 Kings, 2 Kings, 1 Chronicles, 2 Chronicles, Ezra, Nehemiah, Esther, Job, Psalms, Proverbs, Ecclesiastes, Song of Solomon, Isaiah, Jeremiah, Lamentations, Ezekiel, Daniel, Hosea, Joel, Amos, Obadiah, Jonah, Micah, Nahum, Habakkuk, Zephaniah, Haggai, Zechariah, Malachi, Matthew, Mark, Luke, John, Acts, Romans, 1 Corinthians, 2 Corinthians, Galatians, Ephesians, Philippians, Colossians, 1 Thessalonians, 2 Thessalonians, 1 Timothy, 2 Timothy, Titus, Philemon, Hebrews, James, 1 Peter, 2 Peter, 1 John, 2 John, 3 John, Jude, Revelation of John
Normalized Reference: Romans 6:3
Book: Romans, Chapter: 6, Verse/Range: 3
Available Books: __VERSION__, Genesis, Exodus, Leviticus, Numbers, Deuteronomy, Joshua, Judges, Ruth, 1 Samuel, 2 Samuel, 1 Kings, 2 Kings, 1 Chronicles, 2 Chronicles, Ezra, Nehemiah, Esther, Job, Psalms, Proverbs, Ecclesiastes, Song of Solomon, Isaiah, Jeremiah, Lamentations, Ezekiel, Daniel, Hosea, Joel, Amos, Obadiah, Jonah, Micah, Nahum, Habakkuk, Zephaniah, Haggai, Zechariah, Malachi, Matthew, Mark, Luke, John, Acts, Romans, 1 Corinthians, 2 Corinthians, Galatians, Ephesians, Philippians, Colossians, 1 Thessalonians, 2 Thessalonians, 1 Timothy, 2 Timothy, Titus, Philemon, Hebrews, James, 1 Peter, 2 Peter, 1 John, 2 John, 3 John, Jude, Revelation of John
Normalized Reference: 1 Corinthians 6:9
Book: 1 Corinthians, Chapter: 6, Verse/Range: 9
Available Books: __VERSION__, Genesis, Exodus, Leviticus, Numbers, Deuteronomy, Joshua, Judges, Ruth, 1 Samuel, 2 Samuel, 1 Kings, 2 Kings, 1 Chronicles, 2 Chronicles, Ezra, Nehemiah, Esther, Job, Psalms, Proverbs, Ecclesiastes, Song of Solomon, Isaiah, Jeremiah, Lamentations, Ezekiel, Daniel, Hosea, Joel, Amos, Obadiah, Jonah, Micah, Nahum, Habakkuk, Zephaniah, Haggai, Zechariah, Malachi, Matthew, Mark, Luke, John, Acts, Romans, 1 Corinthians, 2 Corinthians, Galatians, Ephesians, Philippians, Colossians, 1 Thessalonians, 2 Thessalonians, 1 Timothy, 2 Timothy, Titus, Philemon, Hebrews, James, 1 Peter, 2 Peter, 1 John, 2 John, 3 John, Jude, Revelation of John
Normalized Reference: 1 Corinthians 6:8
Book: 1 Corinthians, Chapter: 6, Verse/Range: 8
Available Books: __VERSION__, Genesis, Exodus, Leviticus, Numbers, Deuteronomy, Joshua, Judges, Ruth, 1 Samuel, 2 Samuel, 1 Kings, 2 Kings, 1 Chronicles, 2 Chronicles, Ezra, Nehemiah, Esther, Job, Psalms, Proverbs, Ecclesiastes, Song of Solomon, Isaiah, Jeremiah, Lamentations, Ezekiel, Daniel, Hosea, Joel, Amos, Obadiah, Jonah, Micah, Nahum, Habakkuk, Zephaniah, Haggai, Zechariah, Malachi, Matthew, Mark, Luke, John, Acts, Romans, 1 Corinthians, 2 Corinthians, Galatians, Ephesians, Philippians, Colossians, 1 Thessalonians, 2 Thessalonians, 1 Timothy, 2 Timothy, Titus, Philemon, Hebrews, James, 1 Peter, 2 Peter, 1 John, 2 John, 3 John, Jude, Revelation of John
Normalized Reference: 1 Corinthians 6:10
Book: 1 Corinthians, Chapter: 6, Verse/Range: 10
Available Books: __VERSION__, Genesis, Exodus, Leviticus, Numbers, Deuteronomy, Joshua, Judges, Ruth, 1 Samuel, 2 Samuel, 1 Kings, 2 Kings, 1 Chronicles, 2 Chronicles, Ezra, Nehemiah, Esther, Job, Psalms, Proverbs, Ecclesiastes, Song of Solomon, Isaiah, Jeremiah, Lamentations, Ezekiel, Daniel, Hosea, Joel, Amos, Obadiah, Jonah, Micah, Nahum, Habakkuk, Zephaniah, Haggai, Zechariah, Malachi, Matthew, Mark, Luke, John, Acts, Romans, 1 Corinthians, 2 Corinthians, Galatians, Ephesians, Philippians, Colossians, 1 Thessalonians, 2 Thessalonians, 1 Timothy, 2 Timothy, Titus, Philemon, Hebrews, James, 1 Peter, 2 Peter, 1 John, 2 John, 3 John, Jude, Revelation of John
Normalized Reference: Leviticus 20:13
Book: Leviticus, Chapter: 20, Verse/Range: 13
Available Books: __VERSION__, Genesis, Exodus, Leviticus, Numbers, Deuteronomy, Joshua, Judges, Ruth, 1 Samuel, 2 Samuel, 1 Kings, 2 Kings, 1 Chronicles, 2 Chronicles, Ezra, Nehemiah, Esther, Job, Psalms, Proverbs, Ecclesiastes, Song of Solomon, Isaiah, Jeremiah, Lamentations, Ezekiel, Daniel, Hosea, Joel, Amos, Obadiah, Jonah, Micah, Nahum, Habakkuk, Zephaniah, Haggai, Zechariah, Malachi, Matthew, Mark, Luke, John, Acts, Romans, 1 Corinthians, 2 Corinthians, Galatians, Ephesians, Philippians, Colossians, 1 Thessalonians, 2 Thessalonians, 1 Timothy, 2 Timothy, Titus, Philemon, Hebrews, James, 1 Peter, 2 Peter, 1 John, 2 John, 3 John, Jude, Revelation of John
Normalized Reference: Leviticus 20:12
Book: Leviticus, Chapter: 20, Verse/Range: 12
Available Books: __VERSION__, Genesis, Exodus, Leviticus, Numbers, Deuteronomy, Joshua, Judges, Ruth, 1 Samuel, 2 Samuel, 1 Kings, 2 Kings, 1 Chronicles, 2 Chronicles, Ezra, Nehemiah, Esther, Job, Psalms, Proverbs, Ecclesiastes, Song of Solomon, Isaiah, Jeremiah, Lamentations, Ezekiel, Daniel, Hosea, Joel, Amos, Obadiah, Jonah, Micah, Nahum, Habakkuk, Zephaniah, Haggai, Zechariah, Malachi, Matthew, Mark, Luke, John, Acts, Romans, 1 Corinthians, 2 Corinthians, Galatians, Ephesians, Philippians, Colossians, 1 Thessalonians, 2 Thessalonians, 1 Timothy, 2 Timothy, Titus, Philemon, Hebrews, James, 1 Peter, 2 Peter, 1 John, 2 John, 3 John, Jude, Revelation of John
Normalized Reference: Leviticus 20:14
Book: Leviticus, Chapter: 20, Verse/Range: 14
Available Books: __VERSION__, Genesis, Exodus, Leviticus, Numbers, Deuteronomy, Joshua, Judges, Ruth, 1 Samuel, 2 Samuel, 1 Kings, 2 Kings, 1 Chronicles, 2 Chronicles, Ezra, Nehemiah, Esther, Job, Psalms, Proverbs, Ecclesiastes, Song of Solomon, Isaiah, Jeremiah, Lamentations, Ezekiel, Daniel, Hosea, Joel, Amos, Obadiah, Jonah, Micah, Nahum, Habakkuk, Zephaniah, Haggai, Zechariah, Malachi, Matthew, Mark, Luke, John, Acts, Romans, 1 Corinthians, 2 Corinthians, Galatians, Ephesians, Philippians, Colossians, 1 Thessalonians, 2 Thessalonians, 1 Timothy, 2 Timothy, Titus, Philemon, Hebrews, James, 1 Peter, 2 Peter, 1 John, 2 John, 3 John, Jude, Revelation of John
Normalized Reference: 1 Timothy 1:10
Book: 1 Timothy, Chapter: 1, Verse/Range: 10
Available Books: __VERSION__, LAMENTATIONS, ZEPHANIAH, DEUTERONOMY, NEHEMIAH, ZECHARIAH, PHILEMON, 2 SAMUEL, PSALMS, EZRA, 1 JOHN, JOSHUA, HAGGAI, GENESIS, EPHESIANS, EXODUS, HEBREWS, JOB, NUMBERS, ISAIAH, MICAH, JEREMIAH, JUDE, HABAKKUK, PHILIPPIANS, 1 PETER, HOSEA, 2 KINGS, ECCLESIASTES, 2 JOHN, JONAH, EZEKIEL, PROVERBS, 1 TIMOTHY, NAHUM, COLOSSIANS, RUTH, MATTHEW, TITUS, JOHN, JOEL, 2 PETER, 1 KINGS, 1 CHRONICLES, 3 JOHN, JUDGES, ACTS, OBADIAH, SONG OF SOLOMON, JAMES, REVELATION, 1 THESSALONIANS, AMOS, LUKE, MALACHI, 2 CORINTHIANS, 2 CHRONICLES, LEVITICUS, 2 THESSALONIANS, ESTHER, GALATIANS, 1 SAMUEL, 1 CORINTHIANS, ROMANS, DANIEL, 2 TIMOTHY, MARK
Normalized Reference: 1 Timothy 1:11
Book: 1 Timothy, Chapter: 1, Verse/Range: 11
Available Books: __VERSION__, LAMENTATIONS, ZEPHANIAH, DEUTERONOMY, NEHEMIAH, ZECHARIAH, PHILEMON, 2 SAMUEL, PSALMS, EZRA, 1 JOHN, JOSHUA, HAGGAI, GENESIS, EPHESIANS, EXODUS, HEBREWS, JOB, NUMBERS, ISAIAH, MICAH, JEREMIAH, JUDE, HABAKKUK, PHILIPPIANS, 1 PETER, HOSEA, 2 KINGS, ECCLESIASTES, 2 JOHN, JONAH, EZEKIEL, PROVERBS, 1 TIMOTHY, NAHUM, COLOSSIANS, RUTH, MATTHEW, TITUS, JOHN, JOEL, 2 PETER, 1 KINGS, 1 CHRONICLES, 3 JOHN, JUDGES, ACTS, OBADIAH, SONG OF SOLOMON, JAMES, REVELATION, 1 THESSALONIANS, AMOS, LUKE, MALACHI, 2 CORINTHIANS, 2 CHRONICLES, LEVITICUS, 2 THESSALONIANS, ESTHER, GALATIANS, 1 SAMUEL, 1 CORINTHIANS, ROMANS, DANIEL, 2 TIMOTHY, MARK
Normalized Reference: 1 Timothy 1:9
Book: 1 Timothy, Chapter: 1, Verse/Range: 9
Available Books: __VERSION__, LAMENTATIONS, ZEPHANIAH, DEUTERONOMY, NEHEMIAH, ZECHARIAH, PHILEMON, 2 SAMUEL, PSALMS, EZRA, 1 JOHN, JOSHUA, HAGGAI, GENESIS, EPHESIANS, EXODUS, HEBREWS, JOB, NUMBERS, ISAIAH, MICAH, JEREMIAH, JUDE, HABAKKUK, PHILIPPIANS, 1 PETER, HOSEA, 2 KINGS, ECCLESIASTES, 2 JOHN, JONAH, EZEKIEL, PROVERBS, 1 TIMOTHY, NAHUM, COLOSSIANS, RUTH, MATTHEW, TITUS, JOHN, JOEL, 2 PETER, 1 KINGS, 1 CHRONICLES, 3 JOHN, JUDGES, ACTS, OBADIAH, SONG OF SOLOMON, JAMES, REVELATION, 1 THESSALONIANS, AMOS, LUKE, MALACHI, 2 CORINTHIANS, 2 CHRONICLES, LEVITICUS, 2 THESSALONIANS, ESTHER, GALATIANS, 1 SAMUEL, 1 CORINTHIANS, ROMANS, DANIEL, 2 TIMOTHY, MARK
Normalized Reference: 1 Timothy 1:10
Book: 1 Timothy, Chapter: 1, Verse/Range: 10
Available Books: __VERSION__, Genesis, Exodus, Leviticus, Numbers, Deuteronomy, Joshua, Judges, Ruth, 1 Samuel, 2 Samuel, 1 Kings, 2 Kings, 1 Chronicles, 2 Chronicles, Ezra, Nehemiah, Esther, Job, Psalms, Proverbs, Ecclesiastes, Song of Solomon, Isaiah, Jeremiah, Lamentations, Ezekiel, Daniel, Hosea, Joel, Amos, Obadiah, Jonah, Micah, Nahum, Habakkuk, Zephaniah, Haggai, Zechariah, Malachi, Matthew, Mark, Luke, John, Acts, Romans, 1 Corinthians, 2 Corinthians, Galatians, Ephesians, Philippians, Colossians, 1 Thessalonians, 2 Thessalonians, 1 Timothy, 2 Timothy, Titus, Philemon, Hebrews, James, 1 Peter, 2 Peter, 1 John, 2 John, 3 John, Jude, Revelation of John
Normalized Reference: 1 Timothy 1:9
Book: 1 Timothy, Chapter: 1, Verse/Range: 9
Available Books: __VERSION__, Genesis, Exodus, Leviticus, Numbers, Deuteronomy, Joshua, Judges, Ruth, 1 Samuel, 2 Samuel, 1 Kings, 2 Kings, 1 Chronicles, 2 Chronicles, Ezra, Nehemiah, Esther, Job, Psalms, Proverbs, Ecclesiastes, Song of Solomon, Isaiah, Jeremiah, Lamentations, Ezekiel, Daniel, Hosea, Joel, Amos, Obadiah, Jonah, Micah, Nahum, Habakkuk, Zephaniah, Haggai, Zechariah, Malachi, Matthew, Mark, Luke, John, Acts, Romans, 1 Corinthians, 2 Corinthians, Galatians, Ephesians, Philippians, Colossians, 1 Thessalonians, 2 Thessalonians, 1 Timothy, 2 Timothy, Titus, Philemon, Hebrews, James, 1 Peter, 2 Peter, 1 John, 2 John, 3 John, Jude, Revelation of John
Normalized Reference: 1 Timothy 1:11
Book: 1 Timothy, Chapter: 1, Verse/Range: 11
Available Books: __VERSION__, Genesis, Exodus, Leviticus, Numbers, Deuteronomy, Joshua, Judges, Ruth, 1 Samuel, 2 Samuel, 1 Kings, 2 Kings, 1 Chronicles, 2 Chronicles, Ezra, Nehemiah, Esther, Job, Psalms, Proverbs, Ecclesiastes, Song of Solomon, Isaiah, Jeremiah, Lamentations, Ezekiel, Daniel, Hosea, Joel, Amos, Obadiah, Jonah, Micah, Nahum, Habakkuk, Zephaniah, Haggai, Zechariah, Malachi, Matthew, Mark, Luke, John, Acts, Romans, 1 Corinthians, 2 Corinthians, Galatians, Ephesians, Philippians, Colossians, 1 Thessalonians, 2 Thessalonians, 1 Timothy, 2 Timothy, Titus, Philemon, Hebrews, James, 1 Peter, 2 Peter, 1 John, 2 John, 3 John, Jude, Revelation of John
Normalized Reference: 1 Corinthians 6:9
Book: 1 Corinthians, Chapter: 6, Verse/Range: 9
Available Books: __VERSION__, Genesis, Exodus, Leviticus, Numbers, Deuteronomy, Joshua, Judges, Ruth, 1 Samuel, 2 Samuel, 1 Kings, 2 Kings, 1 Chronicles, 2 Chronicles, Ezra, Nehemiah, Esther, Job, Psalms, Proverbs, Ecclesiastes, Song of Solomon, Isaiah, Jeremiah, Lamentations, Ezekiel, Daniel, Hosea, Joel, Amos, Obadiah, Jonah, Micah, Nahum, Habakkuk, Zephaniah, Haggai, Zechariah, Malachi, Matthew, Mark, Luke, John, Acts, Romans, 1 Corinthians, 2 Corinthians, Galatians, Ephesians, Philippians, Colossians, 1 Thessalonians, 2 Thessalonians, 1 Timothy, 2 Timothy, Titus, Philemon, Hebrews, James, 1 Peter, 2 Peter, 1 John, 2 John, 3 John, Jude, Revelation of John
Normalized Reference: 1 Corinthians 6:10
Normalized Reference: 1 Corinthians 6:8
Book: 1 Corinthians, Chapter: 6, Verse/Range: 10
Book: 1 Corinthians, Chapter: 6, Verse/Range: 8
Available Books: __VERSION__, Genesis, Exodus, Leviticus, Numbers, Deuteronomy, Joshua, Judges, Ruth, 1 Samuel, 2 Samuel, 1 Kings, 2 Kings, 1 Chronicles, 2 Chronicles, Ezra, Nehemiah, Esther, Job, Psalms, Proverbs, Ecclesiastes, Song of Solomon, Isaiah, Jeremiah, Lamentations, Ezekiel, Daniel, Hosea, Joel, Amos, Obadiah, Jonah, Micah, Nahum, Habakkuk, Zephaniah, Haggai, Zechariah, Malachi, Matthew, Mark, Luke, John, Acts, Romans, 1 Corinthians, 2 Corinthians, Galatians, Ephesians, Philippians, Colossians, 1 Thessalonians, 2 Thessalonians, 1 Timothy, 2 Timothy, Titus, Philemon, Hebrews, James, 1 Peter, 2 Peter, 1 John, 2 John, 3 John, Jude, Revelation of John
Available Books: __VERSION__, Genesis, Exodus, Leviticus, Numbers, Deuteronomy, Joshua, Judges, Ruth, 1 Samuel, 2 Samuel, 1 Kings, 2 Kings, 1 Chronicles, 2 Chronicles, Ezra, Nehemiah, Esther, Job, Psalms, Proverbs, Ecclesiastes, Song of Solomon, Isaiah, Jeremiah, Lamentations, Ezekiel, Daniel, Hosea, Joel, Amos, Obadiah, Jonah, Micah, Nahum, Habakkuk, Zephaniah, Haggai, Zechariah, Malachi, Matthew, Mark, Luke, John, Acts, Romans, 1 Corinthians, 2 Corinthians, Galatians, Ephesians, Philippians, Colossians, 1 Thessalonians, 2 Thessalonians, 1 Timothy, 2 Timothy, Titus, Philemon, Hebrews, James, 1 Peter, 2 Peter, 1 John, 2 John, 3 John, Jude, Revelation of John
Normalized Reference: Leviticus 20:13
Book: Leviticus, Chapter: 20, Verse/Range: 13
Available Books: __VERSION__, Genesis, Exodus, Leviticus, Numbers, Deuteronomy, Joshua, Judges, Ruth, 1 Samuel, 2 Samuel, 1 Kings, 2 Kings, 1 Chronicles, 2 Chronicles, Ezra, Nehemiah, Esther, Job, Psalms, Proverbs, Ecclesiastes, Song of Solomon, Isaiah, Jeremiah, Lamentations, Ezekiel, Daniel, Hosea, Joel, Amos, Obadiah, Jonah, Micah, Nahum, Habakkuk, Zephaniah, Haggai, Zechariah, Malachi, Matthew, Mark, Luke, John, Acts, Romans, 1 Corinthians, 2 Corinthians, Galatians, Ephesians, Philippians, Colossians, 1 Thessalonians, 2 Thessalonians, 1 Timothy, 2 Timothy, Titus, Philemon, Hebrews, James, 1 Peter, 2 Peter, 1 John, 2 John, 3 John, Jude, Revelation of John
Normalized Reference: Leviticus 20:12
Book: Leviticus, Chapter: 20, Verse/Range: 12
Available Books: __VERSION__, Genesis, Exodus, Leviticus, Numbers, Deuteronomy, Joshua, Judges, Ruth, 1 Samuel, 2 Samuel, 1 Kings, 2 Kings, 1 Chronicles, 2 Chronicles, Ezra, Nehemiah, Esther, Job, Psalms, Proverbs, Ecclesiastes, Song of Solomon, Isaiah, Jeremiah, Lamentations, Ezekiel, Daniel, Hosea, Joel, Amos, Obadiah, Jonah, Micah, Nahum, Habakkuk, Zephaniah, Haggai, Zechariah, Malachi, Matthew, Mark, Luke, John, Acts, Romans, 1 Corinthians, 2 Corinthians, Galatians, Ephesians, Philippians, Colossians, 1 Thessalonians, 2 Thessalonians, 1 Timothy, 2 Timothy, Titus, Philemon, Hebrews, James, 1 Peter, 2 Peter, 1 John, 2 John, 3 John, Jude, Revelation of John
Normalized Reference: Leviticus 20:14
Book: Leviticus, Chapter: 20, Verse/Range: 14
Available Books: __VERSION__, Genesis, Exodus, Leviticus, Numbers, Deuteronomy, Joshua, Judges, Ruth, 1 Samuel, 2 Samuel, 1 Kings, 2 Kings, 1 Chronicles, 2 Chronicles, Ezra, Nehemiah, Esther, Job, Psalms, Proverbs, Ecclesiastes, Song of Solomon, Isaiah, Jeremiah, Lamentations, Ezekiel, Daniel, Hosea, Joel, Amos, Obadiah, Jonah, Micah, Nahum, Habakkuk, Zephaniah, Haggai, Zechariah, Malachi, Matthew, Mark, Luke, John, Acts, Romans, 1 Corinthians, 2 Corinthians, Galatians, Ephesians, Philippians, Colossians, 1 Thessalonians, 2 Thessalonians, 1 Timothy, 2 Timothy, Titus, Philemon, Hebrews, James, 1 Peter, 2 Peter, 1 John, 2 John, 3 John, Jude, Revelation of John
Normalized Reference: Leviticus 20:13
Book: Leviticus, Chapter: 20, Verse/Range: 13
Available Books: __VERSION__, LAMENTATIONS, ZEPHANIAH, DEUTERONOMY, NEHEMIAH, ZECHARIAH, PHILEMON, 2 SAMUEL, PSALMS, EZRA, 1 JOHN, JOSHUA, HAGGAI, GENESIS, EPHESIANS, EXODUS, HEBREWS, JOB, NUMBERS, ISAIAH, MICAH, JEREMIAH, JUDE, HABAKKUK, PHILIPPIANS, 1 PETER, HOSEA, 2 KINGS, ECCLESIASTES, 2 JOHN, JONAH, EZEKIEL, PROVERBS, 1 TIMOTHY, NAHUM, COLOSSIANS, RUTH, MATTHEW, TITUS, JOHN, JOEL, 2 PETER, 1 KINGS, 1 CHRONICLES, 3 JOHN, JUDGES, ACTS, OBADIAH, SONG OF SOLOMON, JAMES, REVELATION, 1 THESSALONIANS, AMOS, LUKE, MALACHI, 2 CORINTHIANS, 2 CHRONICLES, LEVITICUS, 2 THESSALONIANS, ESTHER, GALATIANS, 1 SAMUEL, 1 CORINTHIANS, ROMANS, DANIEL, 2 TIMOTHY, MARK
Normalized Reference: Leviticus 20:12
Book: Leviticus, Chapter: 20, Verse/Range: 12
Available Books: __VERSION__, LAMENTATIONS, ZEPHANIAH, DEUTERONOMY, NEHEMIAH, ZECHARIAH, PHILEMON, 2 SAMUEL, PSALMS, EZRA, 1 JOHN, JOSHUA, HAGGAI, GENESIS, EPHESIANS, EXODUS, HEBREWS, JOB, NUMBERS, ISAIAH, MICAH, JEREMIAH, JUDE, HABAKKUK, PHILIPPIANS, 1 PETER, HOSEA, 2 KINGS, ECCLESIASTES, 2 JOHN, JONAH, EZEKIEL, PROVERBS, 1 TIMOTHY, NAHUM, COLOSSIANS, RUTH, MATTHEW, TITUS, JOHN, JOEL, 2 PETER, 1 KINGS, 1 CHRONICLES, 3 JOHN, JUDGES, ACTS, OBADIAH, SONG OF SOLOMON, JAMES, REVELATION, 1 THESSALONIANS, AMOS, LUKE, MALACHI, 2 CORINTHIANS, 2 CHRONICLES, LEVITICUS, 2 THESSALONIANS, ESTHER, GALATIANS, 1 SAMUEL, 1 CORINTHIANS, ROMANS, DANIEL, 2 TIMOTHY, MARK
Normalized Reference: Leviticus 20:14
Book: Leviticus, Chapter: 20, Verse/Range: 14
Available Books: __VERSION__, LAMENTATIONS, ZEPHANIAH, DEUTERONOMY, NEHEMIAH, ZECHARIAH, PHILEMON, 2 SAMUEL, PSALMS, EZRA, 1 JOHN, JOSHUA, HAGGAI, GENESIS, EPHESIANS, EXODUS, HEBREWS, JOB, NUMBERS, ISAIAH, MICAH, JEREMIAH, JUDE, HABAKKUK, PHILIPPIANS, 1 PETER, HOSEA, 2 KINGS, ECCLESIASTES, 2 JOHN, JONAH, EZEKIEL, PROVERBS, 1 TIMOTHY, NAHUM, COLOSSIANS, RUTH, MATTHEW, TITUS, JOHN, JOEL, 2 PETER, 1 KINGS, 1 CHRONICLES, 3 JOHN, JUDGES, ACTS, OBADIAH, SONG OF SOLOMON, JAMES, REVELATION, 1 THESSALONIANS, AMOS, LUKE, MALACHI, 2 CORINTHIANS, 2 CHRONICLES, LEVITICUS, 2 THESSALONIANS, ESTHER, GALATIANS, 1 SAMUEL, 1 CORINTHIANS, ROMANS, DANIEL, 2 TIMOTHY, MARK
Normalized Reference: 1 Corinthians 6:9
Book: 1 Corinthians, Chapter: 6, Verse/Range: 9
Available Books: __VERSION__, Genesis, Exodus, Leviticus, Numbers, Deuteronomy, Joshua, Judges, Ruth, 1 Samuel, 2 Samuel, 1 Kings, 2 Kings, 1 Chronicles, 2 Chronicles, Ezra, Nehemiah, Esther, Job, Psalms, Proverbs, Ecclesiastes, Song of Solomon, Isaiah, Jeremiah, Lamentations, Ezekiel, Daniel, Hosea, Joel, Amos, Obadiah, Jonah, Micah, Nahum, Habakkuk, Zephaniah, Haggai, Zechariah, Malachi, Matthew, Mark, Luke, John, Acts, Romans, 1 Corinthians, 2 Corinthians, Galatians, Ephesians, Philippians, Colossians, 1 Thessalonians, 2 Thessalonians, 1 Timothy, 2 Timothy, Titus, Philemon, Hebrews, James, 1 Peter, 2 Peter, 1 John, 2 John, 3 John, Jude, Revelation of John
Normalized Reference: 1 Corinthians 6:10
Normalized Reference: 1 Corinthians 6:8
Book: 1 Corinthians, Chapter: 6, Verse/Range: 10
Book: 1 Corinthians, Chapter: 6, Verse/Range: 8
Available Books: __VERSION__, Genesis, Exodus, Leviticus, Numbers, Deuteronomy, Joshua, Judges, Ruth, 1 Samuel, 2 Samuel, 1 Kings, 2 Kings, 1 Chronicles, 2 Chronicles, Ezra, Nehemiah, Esther, Job, Psalms, Proverbs, Ecclesiastes, Song of Solomon, Isaiah, Jeremiah, Lamentations, Ezekiel, Daniel, Hosea, Joel, Amos, Obadiah, Jonah, Micah, Nahum, Habakkuk, Zephaniah, Haggai, Zechariah, Malachi, Matthew, Mark, Luke, John, Acts, Romans, 1 Corinthians, 2 Corinthians, Galatians, Ephesians, Philippians, Colossians, 1 Thessalonians, 2 Thessalonians, 1 Timothy, 2 Timothy, Titus, Philemon, Hebrews, James, 1 Peter, 2 Peter, 1 John, 2 John, 3 John, Jude, Revelation of John
Available Books: __VERSION__, Genesis, Exodus, Leviticus, Numbers, Deuteronomy, Joshua, Judges, Ruth, 1 Samuel, 2 Samuel, 1 Kings, 2 Kings, 1 Chronicles, 2 Chronicles, Ezra, Nehemiah, Esther, Job, Psalms, Proverbs, Ecclesiastes, Song of Solomon, Isaiah, Jeremiah, Lamentations, Ezekiel, Daniel, Hosea, Joel, Amos, Obadiah, Jonah, Micah, Nahum, Habakkuk, Zephaniah, Haggai, Zechariah, Malachi, Matthew, Mark, Luke, John, Acts, Romans, 1 Corinthians, 2 Corinthians, Galatians, Ephesians, Philippians, Colossians, 1 Thessalonians, 2 Thessalonians, 1 Timothy, 2 Timothy, Titus, Philemon, Hebrews, James, 1 Peter, 2 Peter, 1 John, 2 John, 3 John, Jude, Revelation of John
Normalized Reference: Leviticus 20:13
Book: Leviticus, Chapter: 20, Verse/Range: 13
Available Books: __VERSION__, Genesis, Exodus, Leviticus, Numbers, Deuteronomy, Joshua, Judges, Ruth, 1 Samuel, 2 Samuel, 1 Kings, 2 Kings, 1 Chronicles, 2 Chronicles, Ezra, Nehemiah, Esther, Job, Psalms, Proverbs, Ecclesiastes, Song of Solomon, Isaiah, Jeremiah, Lamentations, Ezekiel, Daniel, Hosea, Joel, Amos, Obadiah, Jonah, Micah, Nahum, Habakkuk, Zephaniah, Haggai, Zechariah, Malachi, Matthew, Mark, Luke, John, Acts, Romans, 1 Corinthians, 2 Corinthians, Galatians, Ephesians, Philippians, Colossians, 1 Thessalonians, 2 Thessalonians, 1 Timothy, 2 Timothy, Titus, Philemon, Hebrews, James, 1 Peter, 2 Peter, 1 John, 2 John, 3 John, Jude, Revelation of John
Normalized Reference: Leviticus 20:12
Book: Leviticus, Chapter: 20, Verse/Range: 12
Available Books: __VERSION__, Genesis, Exodus, Leviticus, Numbers, Deuteronomy, Joshua, Judges, Ruth, 1 Samuel, 2 Samuel, 1 Kings, 2 Kings, 1 Chronicles, 2 Chronicles, Ezra, Nehemiah, Esther, Job, Psalms, Proverbs, Ecclesiastes, Song of Solomon, Isaiah, Jeremiah, Lamentations, Ezekiel, Daniel, Hosea, Joel, Amos, Obadiah, Jonah, Micah, Nahum, Habakkuk, Zephaniah, Haggai, Zechariah, Malachi, Matthew, Mark, Luke, John, Acts, Romans, 1 Corinthians, 2 Corinthians, Galatians, Ephesians, Philippians, Colossians, 1 Thessalonians, 2 Thessalonians, 1 Timothy, 2 Timothy, Titus, Philemon, Hebrews, James, 1 Peter, 2 Peter, 1 John, 2 John, 3 John, Jude, Revelation of John
Normalized Reference: Leviticus 20:14
Book: Leviticus, Chapter: 20, Verse/Range: 14
Available Books: __VERSION__, Genesis, Exodus, Leviticus, Numbers, Deuteronomy, Joshua, Judges, Ruth, 1 Samuel, 2 Samuel, 1 Kings, 2 Kings, 1 Chronicles, 2 Chronicles, Ezra, Nehemiah, Esther, Job, Psalms, Proverbs, Ecclesiastes, Song of Solomon, Isaiah, Jeremiah, Lamentations, Ezekiel, Daniel, Hosea, Joel, Amos, Obadiah, Jonah, Micah, Nahum, Habakkuk, Zephaniah, Haggai, Zechariah, Malachi, Matthew, Mark, Luke, John, Acts, Romans, 1 Corinthians, 2 Corinthians, Galatians, Ephesians, Philippians, Colossians, 1 Thessalonians, 2 Thessalonians, 1 Timothy, 2 Timothy, Titus, Philemon, Hebrews, James, 1 Peter, 2 Peter, 1 John, 2 John, 3 John, Jude, Revelation of John
Normalized Reference: 1 Corinthians 6:9
Book: 1 Corinthians, Chapter: 6, Verse/Range: 9
Available Books: __VERSION__, Genesis, Exodus, Leviticus, Numbers, Deuteronomy, Joshua, Judges, Ruth, 1 Samuel, 2 Samuel, 1 Kings, 2 Kings, 1 Chronicles, 2 Chronicles, Ezra, Nehemiah, Esther, Job, Psalms, Proverbs, Ecclesiastes, Song of Solomon, Isaiah, Jeremiah, Lamentations, Ezekiel, Daniel, Hosea, Joel, Amos, Obadiah, Jonah, Micah, Nahum, Habakkuk, Zephaniah, Haggai, Zechariah, Malachi, Matthew, Mark, Luke, John, Acts, Romans, 1 Corinthians, 2 Corinthians, Galatians, Ephesians, Philippians, Colossians, 1 Thessalonians, 2 Thessalonians, 1 Timothy, 2 Timothy, Titus, Philemon, Hebrews, James, 1 Peter, 2 Peter, 1 John, 2 John, 3 John, Jude, Revelation of John
Normalized Reference: 1 Corinthians 6:8

Book: 1 Corinthians, Chapter: 6, Verse/Range: 10
Book: 1 Corinthians, Chapter: 6, Verse/Range: 8
Available Books: __VERSION__, Genesis, Exodus, Leviticus, Numbers, Deuteronomy, Joshua, Judges, Ruth, 1 Samuel, 2 Samuel, 1 Kings, 2 Kings, 1 Chronicles, 2 Chronicles, Ezra, Nehemiah, Esther, Job, Psalms, Proverbs, Ecclesiastes, Song of Solomon, Isaiah, Jeremiah, Lamentations, Ezekiel, Daniel, Hosea, Joel, Amos, Obadiah, Jonah, Micah, Nahum, Habakkuk, Zephaniah, Haggai, Zechariah, Malachi, Matthew, Mark, Luke, John, Acts, Romans, 1 Corinthians, 2 Corinthians, Galatians, Ephesians, Philippians, Colossians, 1 Thessalonians, 2 Thessalonians, 1 Timothy, 2 Timothy, Titus, Philemon, Hebrews, James, 1 Peter, 2 Peter, 1 John, 2 John, 3 John, Jude, Revelation of John
Available Books: __VERSION__, Genesis, Exodus, Leviticus, Numbers, Deuteronomy, Joshua, Judges, Ruth, 1 Samuel, 2 Samuel, 1 Kings, 2 Kings, 1 Chronicles, 2 Chronicles, Ezra, Nehemiah, Esther, Job, Psalms, Proverbs, Ecclesiastes, Song of Solomon, Isaiah, Jeremiah, Lamentations, Ezekiel, Daniel, Hosea, Joel, Amos, Obadiah, Jonah, Micah, Nahum, Habakkuk, Zephaniah, Haggai, Zechariah, Malachi, Matthew, Mark, Luke, John, Acts, Romans, 1 Corinthians, 2 Corinthians, Galatians, Ephesians, Philippians, Colossians, 1 Thessalonians, 2 Thessalonians, 1 Timothy, 2 Timothy, Titus, Philemon, Hebrews, James, 1 Peter, 2 Peter, 1 John, 2 John, 3 John, Jude, Revelation of John
Normalized Reference: 1 Timothy 1:10
Book: 1 Timothy, Chapter: 1, Verse/Range: 10
Available Books: __VERSION__, Genesis, Exodus, Leviticus, Numbers, Deuteronomy, Joshua, Judges, Ruth, 1 Samuel, 2 Samuel, 1 Kings, 2 Kings, 1 Chronicles, 2 Chronicles, Ezra, Nehemiah, Esther, Job, Psalms, Proverbs, Ecclesiastes, Song of Solomon, Isaiah, Jeremiah, Lamentations, Ezekiel, Daniel, Hosea, Joel, Amos, Obadiah, Jonah, Micah, Nahum, Habakkuk, Zephaniah, Haggai, Zechariah, Malachi, Matthew, Mark, Luke, John, Acts, Romans, 1 Corinthians, 2 Corinthians, Galatians, Ephesians, Philippians, Colossians, 1 Thessalonians, 2 Thessalonians, 1 Timothy, 2 Timothy, Titus, Philemon, Hebrews, James, 1 Peter, 2 Peter, 1 John, 2 John, 3 John, Jude, Revelation of John
Normalized Reference: 1 Timothy 1:9
Normalized Reference: 1 Timothy 1:11
Book: 1 Timothy, Chapter: 1, Verse/Range: 9
Book: 1 Timothy, Chapter: 1, Verse/Range: 11
Available Books: __VERSION__, Genesis, Exodus, Leviticus, Numbers, Deuteronomy, Joshua, Judges, Ruth, 1 Samuel, 2 Samuel, 1 Kings, 2 Kings, 1 Chronicles, 2 Chronicles, Ezra, Nehemiah, Esther, Job, Psalms, Proverbs, Ecclesiastes, Song of Solomon, Isaiah, Jeremiah, Lamentations, Ezekiel, Daniel, Hosea, Joel, Amos, Obadiah, Jonah, Micah, Nahum, Habakkuk, Zephaniah, Haggai, Zechariah, Malachi, Matthew, Mark, Luke, John, Acts, Romans, 1 Corinthians, 2 Corinthians, Galatians, Ephesians, Philippians, Colossians, 1 Thessalonians, 2 Thessalonians, 1 Timothy, 2 Timothy, Titus, Philemon, Hebrews, James, 1 Peter, 2 Peter, 1 John, 2 John, 3 John, Jude, Revelation of John
Available Books: __VERSION__, Genesis, Exodus, Leviticus, Numbers, Deuteronomy, Joshua, Judges, Ruth, 1 Samuel, 2 Samuel, 1 Kings, 2 Kings, 1 Chronicles, 2 Chronicles, Ezra, Nehemiah, Esther, Job, Psalms, Proverbs, Ecclesiastes, Song of Solomon, Isaiah, Jeremiah, Lamentations, Ezekiel, Daniel, Hosea, Joel, Amos, Obadiah, Jonah, Micah, Nahum, Habakkuk, Zephaniah, Haggai, Zechariah, Malachi, Matthew, Mark, Luke, John, Acts, Romans, 1 Corinthians, 2 Corinthians, Galatians, Ephesians, Philippians, Colossians, 1 Thessalonians, 2 Thessalonians, 1 Timothy, 2 Timothy, Titus, Philemon, Hebrews, James, 1 Peter, 2 Peter, 1 John, 2 John, 3 John, Jude, Revelation of John
Normalized Reference: Leviticus 20:13
Book: Leviticus, Chapter: 20, Verse/Range: 13
Available Books: __VERSION__, LAMENTATIONS, ZEPHANIAH, DEUTERONOMY, NEHEMIAH, ZECHARIAH, PHILEMON, 2 SAMUEL, PSALMS, EZRA, 1 JOHN, JOSHUA, HAGGAI, GENESIS, EPHESIANS, EXODUS, HEBREWS, JOB, NUMBERS, ISAIAH, MICAH, JEREMIAH, JUDE, HABAKKUK, PHILIPPIANS, 1 PETER, HOSEA, 2 KINGS, ECCLESIASTES, 2 JOHN, JONAH, EZEKIEL, PROVERBS, 1 TIMOTHY, NAHUM, COLOSSIANS, RUTH, MATTHEW, TITUS, JOHN, JOEL, 2 PETER, 1 KINGS, 1 CHRONICLES, 3 JOHN, JUDGES, ACTS, OBADIAH, SONG OF SOLOMON, JAMES, REVELATION, 1 THESSALONIANS, AMOS, LUKE, MALACHI, 2 CORINTHIANS, 2 CHRONICLES, LEVITICUS, 2 THESSALONIANS, ESTHER, GALATIANS, 1 SAMUEL, 1 CORINTHIANS, ROMANS, DANIEL, 2 TIMOTHY, MARK
Normalized Reference: Leviticus 20:12
Book: Leviticus, Chapter: 20, Verse/Range: 12
Available Books: __VERSION__, LAMENTATIONS, ZEPHANIAH, DEUTERONOMY, NEHEMIAH, ZECHARIAH, PHILEMON, 2 SAMUEL, PSALMS, EZRA, 1 JOHN, JOSHUA, HAGGAI, GENESIS, EPHESIANS, EXODUS, HEBREWS, JOB, NUMBERS, ISAIAH, MICAH, JEREMIAH, JUDE, HABAKKUK, PHILIPPIANS, 1 PETER, HOSEA, 2 KINGS, ECCLESIASTES, 2 JOHN, JONAH, EZEKIEL, PROVERBS, 1 TIMOTHY, NAHUM, COLOSSIANS, RUTH, MATTHEW, TITUS, JOHN, JOEL, 2 PETER, 1 KINGS, 1 CHRONICLES, 3 JOHN, JUDGES, ACTS, OBADIAH, SONG OF SOLOMON, JAMES, REVELATION, 1 THESSALONIANS, AMOS, LUKE, MALACHI, 2 CORINTHIANS, 2 CHRONICLES, LEVITICUS, 2 THESSALONIANS, ESTHER, GALATIANS, 1 SAMUEL, 1 CORINTHIANS, ROMANS, DANIEL, 2 TIMOTHY, MARK
Normalized Reference: Leviticus 20:14
Book: Leviticus, Chapter: 20, Verse/Range: 14
Available Books: __VERSION__, LAMENTATIONS, ZEPHANIAH, DEUTERONOMY, NEHEMIAH, ZECHARIAH, PHILEMON, 2 SAMUEL, PSALMS, EZRA, 1 JOHN, JOSHUA, HAGGAI, GENESIS, EPHESIANS, EXODUS, HEBREWS, JOB, NUMBERS, ISAIAH, MICAH, JEREMIAH, JUDE, HABAKKUK, PHILIPPIANS, 1 PETER, HOSEA, 2 KINGS, ECCLESIASTES, 2 JOHN, JONAH, EZEKIEL, PROVERBS, 1 TIMOTHY, NAHUM, COLOSSIANS, RUTH, MATTHEW, TITUS, JOHN, JOEL, 2 PETER, 1 KINGS, 1 CHRONICLES, 3 JOHN, JUDGES, ACTS, OBADIAH, SONG OF SOLOMON, JAMES, REVELATION, 1 THESSALONIANS, AMOS, LUKE, MALACHI, 2 CORINTHIANS, 2 CHRONICLES, LEVITICUS, 2 THESSALONIANS, ESTHER, GALATIANS, 1 SAMUEL, 1 CORINTHIANS, ROMANS, DANIEL, 2 TIMOTHY, MARK
Normalized Reference: 1 Corinthians 6:9
Book: 1 Corinthians, Chapter: 6, Verse/Range: 9
Available Books: __VERSION__, LAMENTATIONS, ZEPHANIAH, DEUTERONOMY, NEHEMIAH, ZECHARIAH, PHILEMON, 2 SAMUEL, PSALMS, EZRA, 1 JOHN, JOSHUA, HAGGAI, GENESIS, EPHESIANS, EXODUS, HEBREWS, JOB, NUMBERS, ISAIAH, MICAH, JEREMIAH, JUDE, HABAKKUK, PHILIPPIANS, 1 PETER, HOSEA, 2 KINGS, ECCLESIASTES, 2 JOHN, JONAH, EZEKIEL, PROVERBS, 1 TIMOTHY, NAHUM, COLOSSIANS, RUTH, MATTHEW, TITUS, JOHN, JOEL, 2 PETER, 1 KINGS, 1 CHRONICLES, 3 JOHN, JUDGES, ACTS, OBADIAH, SONG OF SOLOMON, JAMES, REVELATION, 1 THESSALONIANS, AMOS, LUKE, MALACHI, 2 CORINTHIANS, 2 CHRONICLES, LEVITICUS, 2 THESSALONIANS, ESTHER, GALATIANS, 1 SAMUEL, 1 CORINTHIANS, ROMANS, DANIEL, 2 TIMOTHY, MARK
Normalized Reference: 1 Corinthians 6:10
Normalized Reference: 1 Corinthians 6:8
Book: 1 Corinthians, Chapter: 6, Verse/Range: 10
Available Books: __VERSION__, LAMENTATIONS, ZEPHANIAH, DEUTERONOMY, NEHEMIAH, ZECHARIAH, PHILEMON, 2 SAMUEL, PSALMS, EZRA, 1 JOHN, JOSHUA, HAGGAI, GENESIS, EPHESIANS, EXODUS, HEBREWS, JOB, NUMBERS, ISAIAH, MICAH, JEREMIAH, JUDE, HABAKKUK, PHILIPPIANS, 1 PETER, HOSEA, 2 KINGS, ECCLESIASTES, 2 JOHN, JONAH, EZEKIEL, PROVERBS, 1 TIMOTHY, NAHUM, COLOSSIANS, RUTH, MATTHEW, TITUS, JOHN, JOEL, 2 PETER, 1 KINGS, 1 CHRONICLES, 3 JOHN, JUDGES, ACTS, OBADIAH, SONG OF SOLOMON, JAMES, REVELATION, 1 THESSALONIANS, AMOS, LUKE, MALACHI, 2 CORINTHIANS, 2 CHRONICLES, LEVITICUS, 2 THESSALONIANS, ESTHER, GALATIANS, 1 SAMUEL, 1 CORINTHIANS, ROMANS, DANIEL, 2 TIMOTHY, MARK
Available Books: __VERSION__, LAMENTATIONS, ZEPHANIAH, DEUTERONOMY, NEHEMIAH, ZECHARIAH, PHILEMON, 2 SAMUEL, PSALMS, EZRA, 1 JOHN, JOSHUA, HAGGAI, GENESIS, EPHESIANS, EXODUS, HEBREWS, JOB, NUMBERS, ISAIAH, MICAH, JEREMIAH, JUDE, HABAKKUK, PHILIPPIANS, 1 PETER, HOSEA, 2 KINGS, ECCLESIASTES, 2 JOHN, JONAH, EZEKIEL, PROVERBS, 1 TIMOTHY, NAHUM, COLOSSIANS, RUTH, MATTHEW, TITUS, JOHN, JOEL, 2 PETER, 1 KINGS, 1 CHRONICLES, 3 JOHN, JUDGES, ACTS, OBADIAH, SONG OF SOLOMON, JAMES, REVELATION, 1 THESSALONIANS, AMOS, LUKE, MALACHI, 2 CORINTHIANS, 2 CHRONICLES, LEVITICUS, 2 THESSALONIANS, ESTHER, GALATIANS, 1 SAMUEL, 1 CORINTHIANS, ROMANS, DANIEL, 2 TIMOTHY, MARK
Normalized Reference: 1 Timothy 1:10
Book: 1 Timothy, Chapter: 1, Verse/Range: 10
Available Books: __VERSION__, LAMENTATIONS, ZEPHANIAH, DEUTERONOMY, NEHEMIAH, ZECHARIAH, PHILEMON, 2 SAMUEL, PSALMS, EZRA, 1 JOHN, JOSHUA, HAGGAI, GENESIS, EPHESIANS, EXODUS, HEBREWS, JOB, NUMBERS, ISAIAH, MICAH, JEREMIAH, JUDE, HABAKKUK, PHILIPPIANS, 1 PETER, HOSEA, 2 KINGS, ECCLESIASTES, 2 JOHN, JONAH, EZEKIEL, PROVERBS, 1 TIMOTHY, NAHUM, COLOSSIANS, RUTH, MATTHEW, TITUS, JOHN, JOEL, 2 PETER, 1 KINGS, 1 CHRONICLES, 3 JOHN, JUDGES, ACTS, OBADIAH, SONG OF SOLOMON, JAMES, REVELATION, 1 THESSALONIANS, AMOS, LUKE, MALACHI, 2 CORINTHIANS, 2 CHRONICLES, LEVITICUS, 2 THESSALONIANS, ESTHER, GALATIANS, 1 SAMUEL, 1 CORINTHIANS, ROMANS, DANIEL, 2 TIMOTHY, MARK
Normalized Reference: 1 Timothy 1:9
Book: 1 Timothy, Chapter: 1, Verse/Range: 9
Available Books: __VERSION__, LAMENTATIONS, ZEPHANIAH, DEUTERONOMY, NEHEMIAH, ZECHARIAH, PHILEMON, 2 SAMUEL, PSALMS, EZRA, 1 JOHN, JOSHUA, HAGGAI, GENESIS, EPHESIANS, EXODUS, HEBREWS, JOB, NUMBERS, ISAIAH, MICAH, JEREMIAH, JUDE, HABAKKUK, PHILIPPIANS, 1 PETER, HOSEA, 2 KINGS, ECCLESIASTES, 2 JOHN, JONAH, EZEKIEL, PROVERBS, 1 TIMOTHY, NAHUM, COLOSSIANS, RUTH, MATTHEW, TITUS, JOHN, JOEL, 2 PETER, 1 KINGS, 1 CHRONICLES, 3 JOHN, JUDGES, ACTS, OBADIAH, SONG OF SOLOMON, JAMES, REVELATION, 1 THESSALONIANS, AMOS, LUKE, MALACHI, 2 CORINTHIANS, 2 CHRONICLES, LEVITICUS, 2 THESSALONIANS, ESTHER, GALATIANS, 1 SAMUEL, 1 CORINTHIANS, ROMANS, DANIEL, 2 TIMOTHY, MARK
Normalized Reference: 1 Timothy 1:11
Book: 1 Timothy, Chapter: 1, Verse/Range: 11
Available Books: __VERSION__, LAMENTATIONS, ZEPHANIAH, DEUTERONOMY, NEHEMIAH, ZECHARIAH, PHILEMON, 2 SAMUEL, PSALMS, EZRA, 1 JOHN, JOSHUA, HAGGAI, GENESIS, EPHESIANS, EXODUS, HEBREWS, JOB, NUMBERS, ISAIAH, MICAH, JEREMIAH, JUDE, HABAKKUK, PHILIPPIANS, 1 PETER, HOSEA, 2 KINGS, ECCLESIASTES, 2 JOHN, JONAH, EZEKIEL, PROVERBS, 1 TIMOTHY, NAHUM, COLOSSIANS, RUTH, MATTHEW, TITUS, JOHN, JOEL, 2 PETER, 1 KINGS, 1 CHRONICLES, 3 JOHN, JUDGES, ACTS, OBADIAH, SONG OF SOLOMON, JAMES, REVELATION, 1 THESSALONIANS, AMOS, LUKE, MALACHI, 2 CORINTHIANS, 2 CHRONICLES, LEVITICUS, 2 THESSALONIANS, ESTHER, GALATIANS, 1 SAMUEL, 1 CORINTHIANS, ROMANS, DANIEL, 2 TIMOTHY, MARK
Normalized Reference: 1 Timothy 1:10
Book: 1 Timothy, Chapter: 1, Verse/Range: 10
Available Books: __VERSION__, Genesis, Exodus, Leviticus, Numbers, Deuteronomy, Joshua, Judges, Ruth, 1 Samuel, 2 Samuel, 1 Kings, 2 Kings, 1 Chronicles, 2 Chronicles, Ezra, Nehemiah, Esther, Job, Psalms, Proverbs, Ecclesiastes, Song of Solomon, Isaiah, Jeremiah, Lamentations, Ezekiel, Daniel, Hosea, Joel, Amos, Obadiah, Jonah, Micah, Nahum, Habakkuk, Zephaniah, Haggai, Zechariah, Malachi, Matthew, Mark, Luke, John, Acts, Romans, 1 Corinthians, 2 Corinthians, Galatians, Ephesians, Philippians, Colossians, 1 Thessalonians, 2 Thessalonians, 1 Timothy, 2 Timothy, Titus, Philemon, Hebrews, James, 1 Peter, 2 Peter, 1 John, 2 John, 3 John, Jude, Revelation of John
Normalized Reference: 1 Timothy 1:11
Book: 1 Timothy, Chapter: 1, Verse/Range: 11
Available Books: __VERSION__, Genesis, Exodus, Leviticus, Numbers, Deuteronomy, Joshua, Judges, Ruth, 1 Samuel, 2 Samuel, 1 Kings, 2 Kings, 1 Chronicles, 2 Chronicles, Ezra, Nehemiah, Esther, Job, Psalms, Proverbs, Ecclesiastes, Song of Solomon, Isaiah, Jeremiah, Lamentations, Ezekiel, Daniel, Hosea, Joel, Amos, Obadiah, Jonah, Micah, Nahum, Habakkuk, Zephaniah, Haggai, Zechariah, Malachi, Matthew, Mark, Luke, John, Acts, Romans, 1 Corinthians, 2 Corinthians, Galatians, Ephesians, Philippians, Colossians, 1 Thessalonians, 2 Thessalonians, 1 Timothy, 2 Timothy, Titus, Philemon, Hebrews, James, 1 Peter, 2 Peter, 1 John, 2 John, 3 John, Jude, Revelation of John
Normalized Reference: 1 Timothy 1:9
Book: 1 Timothy, Chapter: 1, Verse/Range: 9
Available Books: __VERSION__, Genesis, Exodus, Leviticus, Numbers, Deuteronomy, Joshua, Judges, Ruth, 1 Samuel, 2 Samuel, 1 Kings, 2 Kings, 1 Chronicles, 2 Chronicles, Ezra, Nehemiah, Esther, Job, Psalms, Proverbs, Ecclesiastes, Song of Solomon, Isaiah, Jeremiah, Lamentations, Ezekiel, Daniel, Hosea, Joel, Amos, Obadiah, Jonah, Micah, Nahum, Habakkuk, Zephaniah, Haggai, Zechariah, Malachi, Matthew, Mark, Luke, John, Acts, Romans, 1 Corinthians, 2 Corinthians, Galatians, Ephesians, Philippians, Colossians, 1 Thessalonians, 2 Thessalonians, 1 Timothy, 2 Timothy, Titus, Philemon, Hebrews, James, 1 Peter, 2 Peter, 1 John, 2 John, 3 John, Jude, Revelation of John
Normalized Reference: 1 Corinthians 6:9
Book: 1 Corinthians, Chapter: 6, Verse/Range: 9
Available Books: __VERSION__, Genesis, Exodus, Leviticus, Numbers, Deuteronomy, Joshua, Judges, Ruth, 1 Samuel, 2 Samuel, 1 Kings, 2 Kings, 1 Chronicles, 2 Chronicles, Ezra, Nehemiah, Esther, Job, Psalms, Proverbs, Ecclesiastes, Song of Solomon, Isaiah, Jeremiah, Lamentations, Ezekiel, Daniel, Hosea, Joel, Amos, Obadiah, Jonah, Micah, Nahum, Habakkuk, Zephaniah, Haggai, Zechariah, Malachi, Matthew, Mark, Luke, John, Acts, Romans, 1 Corinthians, 2 Corinthians, Galatians, Ephesians, Philippians, Colossians, 1 Thessalonians, 2 Thessalonians, 1 Timothy, 2 Timothy, Titus, Philemon, Hebrews, James, 1 Peter, 2 Peter, 1 John, 2 John, 3 John, Jude, Revelation of John
Normalized Reference: 1 Corinthians 6:8
Normalized Reference: 1 Corinthians 6:10
Book: 1 Corinthians, Chapter: 6, Verse/Range: 8
Book: 1 Corinthians, Chapter: 6, Verse/Range: 10
Available Books: __VERSION__, Genesis, Exodus, Leviticus, Numbers, Deuteronomy, Joshua, Judges, Ruth, 1 Samuel, 2 Samuel, 1 Kings, 2 Kings, 1 Chronicles, 2 Chronicles, Ezra, Nehemiah, Esther, Job, Psalms, Proverbs, Ecclesiastes, Song of Solomon, Isaiah, Jeremiah, Lamentations, Ezekiel, Daniel, Hosea, Joel, Amos, Obadiah, Jonah, Micah, Nahum, Habakkuk, Zephaniah, Haggai, Zechariah, Malachi, Matthew, Mark, Luke, John, Acts, Romans, 1 Corinthians, 2 Corinthians, Galatians, Ephesians, Philippians, Colossians, 1 Thessalonians, 2 Thessalonians, 1 Timothy, 2 Timothy, Titus, Philemon, Hebrews, James, 1 Peter, 2 Peter, 1 John, 2 John, 3 John, Jude, Revelation of John
Available Books: __VERSION__, Genesis, Exodus, Leviticus, Numbers, Deuteronomy, Joshua, Judges, Ruth, 1 Samuel, 2 Samuel, 1 Kings, 2 Kings, 1 Chronicles, 2 Chronicles, Ezra, Nehemiah, Esther, Job, Psalms, Proverbs, Ecclesiastes, Song of Solomon, Isaiah, Jeremiah, Lamentations, Ezekiel, Daniel, Hosea, Joel, Amos, Obadiah, Jonah, Micah, Nahum, Habakkuk, Zephaniah, Haggai, Zechariah, Malachi, Matthew, Mark, Luke, John, Acts, Romans, 1 Corinthians, 2 Corinthians, Galatians, Ephesians, Philippians, Colossians, 1 Thessalonians, 2 Thessalonians, 1 Timothy, 2 Timothy, Titus, Philemon, Hebrews, James, 1 Peter, 2 Peter, 1 John, 2 John, 3 John, Jude, Revelation of John
Normalized Reference: Romans 6:1-2
Book: Romans, Chapter: 6, Verse/Range: 1-2
Available Books: __VERSION__, Genesis, Exodus, Leviticus, Numbers, Deuteronomy, Joshua, Judges, Ruth, 1 Samuel, 2 Samuel, 1 Kings, 2 Kings, 1 Chronicles, 2 Chronicles, Ezra, Nehemiah, Esther, Job, Psalms, Proverbs, Ecclesiastes, Song of Solomon, Isaiah, Jeremiah, Lamentations, Ezekiel, Daniel, Hosea, Joel, Amos, Obadiah, Jonah, Micah, Nahum, Habakkuk, Zephaniah, Haggai, Zechariah, Malachi, Matthew, Mark, Luke, John, Acts, Romans, 1 Corinthians, 2 Corinthians, Galatians, Ephesians, Philippians, Colossians, 1 Thessalonians, 2 Thessalonians, 1 Timothy, 2 Timothy, Titus, Philemon, Hebrews, James, 1 Peter, 2 Peter, 1 John, 2 John, 3 John, Jude, Revelation of John
Normalized Reference: Romans 6:3
Book: Romans, Chapter: 6, Verse/Range: 3
Available Books: __VERSION__, Genesis, Exodus, Leviticus, Numbers, Deuteronomy, Joshua, Judges, Ruth, 1 Samuel, 2 Samuel, 1 Kings, 2 Kings, 1 Chronicles, 2 Chronicles, Ezra, Nehemiah, Esther, Job, Psalms, Proverbs, Ecclesiastes, Song of Solomon, Isaiah, Jeremiah, Lamentations, Ezekiel, Daniel, Hosea, Joel, Amos, Obadiah, Jonah, Micah, Nahum, Habakkuk, Zephaniah, Haggai, Zechariah, Malachi, Matthew, Mark, Luke, John, Acts, Romans, 1 Corinthians, 2 Corinthians, Galatians, Ephesians, Philippians, Colossians, 1 Thessalonians, 2 Thessalonians, 1 Timothy, 2 Timothy, Titus, Philemon, Hebrews, James, 1 Peter, 2 Peter, 1 John, 2 John, 3 John, Jude, Revelation of John
Normalized Reference: 1 Timothy 1:10
Book: 1 Timothy, Chapter: 1, Verse/Range: 10
Available Books: __VERSION__, Genesis, Exodus, Leviticus, Numbers, Deuteronomy, Joshua, Judges, Ruth, 1 Samuel, 2 Samuel, 1 Kings, 2 Kings, 1 Chronicles, 2 Chronicles, Ezra, Nehemiah, Esther, Job, Psalms, Proverbs, Ecclesiastes, Song of Solomon, Isaiah, Jeremiah, Lamentations, Ezekiel, Daniel, Hosea, Joel, Amos, Obadiah, Jonah, Micah, Nahum, Habakkuk, Zephaniah, Haggai, Zechariah, Malachi, Matthew, Mark, Luke, John, Acts, Romans, 1 Corinthians, 2 Corinthians, Galatians, Ephesians, Philippians, Colossians, 1 Thessalonians, 2 Thessalonians, 1 Timothy, 2 Timothy, Titus, Philemon, Hebrews, James, 1 Peter, 2 Peter, 1 John, 2 John, 3 John, Jude, Revelation of John
Normalized Reference: 1 Timothy 1:11
Book: 1 Timothy, Chapter: 1, Verse/Range: 11
Book: 1 Timothy, Chapter: 1, Verse/Range: 9
Available Books: __VERSION__, Genesis, Exodus, Leviticus, Numbers, Deuteronomy, Joshua, Judges, Ruth, 1 Samuel, 2 Samuel, 1 Kings, 2 Kings, 1 Chronicles, 2 Chronicles, Ezra, Nehemiah, Esther, Job, Psalms, Proverbs, Ecclesiastes, Song of Solomon, Isaiah, Jeremiah, Lamentations, Ezekiel, Daniel, Hosea, Joel, Amos, Obadiah, Jonah, Micah, Nahum, Habakkuk, Zephaniah, Haggai, Zechariah, Malachi, Matthew, Mark, Luke, John, Acts, Romans, 1 Corinthians, 2 Corinthians, Galatians, Ephesians, Philippians, Colossians, 1 Thessalonians, 2 Thessalonians, 1 Timothy, 2 Timothy, Titus, Philemon, Hebrews, James, 1 Peter, 2 Peter, 1 John, 2 John, 3 John, Jude, Revelation of John
Available Books: __VERSION__, Genesis, Exodus, Leviticus, Numbers, Deuteronomy, Joshua, Judges, Ruth, 1 Samuel, 2 Samuel, 1 Kings, 2 Kings, 1 Chronicles, 2 Chronicles, Ezra, Nehemiah, Esther, Job, Psalms, Proverbs, Ecclesiastes, Song of Solomon, Isaiah, Jeremiah, Lamentations, Ezekiel, Daniel, Hosea, Joel, Amos, Obadiah, Jonah, Micah, Nahum, Habakkuk, Zephaniah, Haggai, Zechariah, Malachi, Matthew, Mark, Luke, John, Acts, Romans, 1 Corinthians, 2 Corinthians, Galatians, Ephesians, Philippians, Colossians, 1 Thessalonians, 2 Thessalonians, 1 Timothy, 2 Timothy, Titus, Philemon, Hebrews, James, 1 Peter, 2 Peter, 1 John, 2 John, 3 John, Jude, Revelation of John
